darknet-yolov3
Learning Rate: 0.001, Momentum: 0.9, Decay: 0.0005
Resizing
576
Loaded: 0.023032 seconds
Region 82 Avg IOU: 0.409295, Class: 0.874752, Obj: 0.494522, No Obj: 0.470709, .5R: 0.000000, .75R: 0.000000,  count: 1
Region 94 Avg IOU: -nan, Class: -nan, Obj: -nan, No Obj: 0.496428, .5R: -nan, .75R: -nan,  count: 0
Region 106 Avg IOU: -nan, Class: -nan, Obj: -nan, No Obj: 0.618917, .5R: -nan, .75R: -nan,  count: 0
1: 9084.987305, 9084.987305 avg, 0.000000 rate, 84.586817 seconds, 1 images
Loaded: 0.000049 seconds
Region 82 Avg IOU: 0.357275, Class: 0.274799, Obj: 0.200105, No Obj: 0.469839, .5R: 0.000000, .75R: 0.000000,  count: 1
Region 94 Avg IOU: -nan, Class: -nan, Obj: -nan, No Obj: 0.496416, .5R: -nan, .75R: -nan,  count: 0
Region 106 Avg IOU: -nan, Class: -nan, Obj: -nan, No Obj: 0.615732, .5R: -nan, .75R: -nan,  count: 0
2: 9002.867188, 9076.775391 avg, 0.000000 rate, 81.427835 seconds, 2 images
Loaded: 0.000052 seconds
Region 82 Avg IOU: 0.046580, Class: 0.453547, Obj: 0.834151, No Obj: 0.473620, .5R: 0.000000, .75R: 0.000000,  count: 1
Region 94 Avg IOU: -nan, Class: -nan, Obj: -nan, No Obj: 0.496247, .5R: -nan, .75R: -nan,  count: 0
Region 106 Avg IOU: -nan, Class: -nan, Obj: -nan, No Obj: 0.618771, .5R: -nan, .75R: -nan,  count: 0
3: 9095.326172, 9078.630859 avg, 0.000000 rate, 83.105459 seconds, 3 images
Loaded: 0.000052 seconds
Region 82 Avg IOU: 0.051068, Class: 0.638943, Obj: 0.800215, No Obj: 0.471081, .5R: 0.000000, .75R: 0.000000,  count: 1
Region 94 Avg IOU: -nan, Class: -nan, Obj: -nan, No Obj: 0.496005, .5R: -nan, .75R: -nan,  count: 0
Region 106 Avg IOU: -nan, Class: -nan, Obj: -nan, No Obj: 0.613558, .5R: -nan, .75R: -nan,  count: 0
4: 8914.941406, 9062.261719 avg, 0.000000 rate, 80.959067 seconds, 4 images
Loaded: 0.000054 seconds
Region 82 Avg IOU: 0.337926, Class: 0.438122, Obj: 0.860709, No Obj: 0.469574, .5R: 0.000000, .75R: 0.000000,  count: 1
Region 94 Avg IOU: -nan, Class: -nan, Obj: -nan, No Obj: 0.494340, .5R: -nan, .75R: -nan,  count: 0
Region 106 Avg IOU: -nan, Class: -nan, Obj: -nan, No Obj: 0.608849, .5R: -nan, .75R: -nan,  count: 0
5: 8773.399414, 9033.375000 avg, 0.000000 rate, 80.498175 seconds, 5 images
Loaded: 0.000045 seconds
Region 82 Avg IOU: 0.018690, Class: 0.648946, Obj: 0.115553, No Obj: 0.472133, .5R: 0.000000, .75R: 0.000000,  count: 1
Region 94 Avg IOU: -nan, Class: -nan, Obj: -nan, No Obj: 0.495978, .5R: -nan, .75R: -nan,  count: 0
Region 106 Avg IOU: -nan, Class: -nan, Obj: -nan, No Obj: 0.608358, .5R: -nan, .75R: -nan,  count: 0
6: 8759.564453, 9005.994141 avg, 0.000000 rate, 87.568296 seconds, 6 images
Loaded: 0.000051 seconds
Region 82 Avg IOU: 0.521204, Class: 0.233961, Obj: 0.226864, No Obj: 0.469362, .5R: 1.000000, .75R: 0.000000,  count: 1
Region 94 Avg IOU: -nan, Class: -nan, Obj: -nan, No Obj: 0.494271, .5R: -nan, .75R: -nan,  count: 0
Region 106 Avg IOU: -nan, Class: -nan, Obj: -nan, No Obj: 0.610222, .5R: -nan, .75R: -nan,  count: 0
7: 8825.661133, 8987.960938 avg, 0.000000 rate, 82.845850 seconds, 7 images
Loaded: 0.000043 seconds
Region 82 Avg IOU: 0.322360, Class: 0.445446, Obj: 0.483393, No Obj: 0.470261, .5R: 0.000000, .75R: 0.000000,  count: 1
Region 94 Avg IOU: -nan, Class: -nan, Obj: -nan, No Obj: 0.495191, .5R: -nan, .75R: -nan,  count: 0
Region 106 Avg IOU: -nan, Class: -nan, Obj: -nan, No Obj: 0.616386, .5R: -nan, .75R: -nan,  count: 0
8: 9026.352539, 8991.799805 avg, 0.000000 rate, 83.458451 seconds, 8 images
Loaded: 0.000052 seconds
Region 82 Avg IOU: 0.226130, Class: 0.721677, Obj: 0.095507, No Obj: 0.469775, .5R: 0.000000, .75R: 0.000000,  count: 1
Region 94 Avg IOU: -nan, Class: -nan, Obj: -nan, No Obj: 0.495492, .5R: -nan, .75R: -nan,  count: 0
Region 106 Avg IOU: -nan, Class: -nan, Obj: -nan, No Obj: 0.615614, .5R: -nan, .75R: -nan,  count: 0
9: 8991.142578, 8991.734375 avg, 0.000000 rate, 82.458595 seconds, 9 images
Loaded: 0.000046 seconds
Region 82 Avg IOU: 0.113686, Class: 0.729916, Obj: 0.427603, No Obj: 0.473924, .5R: 0.000000, .75R: 0.000000,  count: 1
Region 94 Avg IOU: -nan, Class: -nan, Obj: -nan, No Obj: 0.494306, .5R: -nan, .75R: -nan,  count: 0
Region 106 Avg IOU: -nan, Class: -nan, Obj: -nan, No Obj: 0.605538, .5R: -nan, .75R: -nan,  count: 0
10: 8705.952148, 8963.156250 avg, 0.000000 rate, 82.364567 seconds, 10 images
Resizing
544
Loaded: 0.024535 seconds
Region 82 Avg IOU: 0.166514, Class: 0.233889, Obj: 0.789220, No Obj: 0.472783, .5R: 0.000000, .75R: 0.000000,  count: 1
Region 94 Avg IOU: -nan, Class: -nan, Obj: -nan, No Obj: 0.493933, .5R: -nan, .75R: -nan,  count: 0
Region 106 Avg IOU: -nan, Class: -nan, Obj: -nan, No Obj: 0.610403, .5R: -nan, .75R: -nan,  count: 0
11: 7873.658691, 8854.206055 avg, 0.000000 rate, 74.664565 seconds, 11 images
Loaded: 0.000040 seconds
Region 82 Avg IOU: 0.225950, Class: 0.426408, Obj: 0.865810, No Obj: 0.471720, .5R: 0.000000, .75R: 0.000000,  count: 1
Region 94 Avg IOU: -nan, Class: -nan, Obj: -nan, No Obj: 0.493192, .5R: -nan, .75R: -nan,  count: 0
Region 106 Avg IOU: -nan, Class: -nan, Obj: -nan, No Obj: 0.607166, .5R: -nan, .75R: -nan,  count: 0
12: 7814.916504, 8750.277344 avg, 0.000000 rate, 74.450626 seconds, 12 images
Loaded: 0.000049 seconds
Region 82 Avg IOU: 0.152074, Class: 0.901519, Obj: 0.101422, No Obj: 0.472751, .5R: 0.000000, .75R: 0.000000,  count: 1
Region 94 Avg IOU: -nan, Class: -nan, Obj: -nan, No Obj: 0.494389, .5R: -nan, .75R: -nan,  count: 0
Region 106 Avg IOU: -nan, Class: -nan, Obj: -nan, No Obj: 0.604002, .5R: -nan, .75R: -nan,  count: 0
13: 7735.711426, 8648.820312 avg, 0.000000 rate, 74.295513 seconds, 13 images
Loaded: 0.000047 seconds
Region 82 Avg IOU: 0.285341, Class: 0.800514, Obj: 0.551790, No Obj: 0.474220, .5R: 0.000000, .75R: 0.000000,  count: 1
Region 94 Avg IOU: -nan, Class: -nan, Obj: -nan, No Obj: 0.493356, .5R: -nan, .75R: -nan,  count: 0
Region 106 Avg IOU: -nan, Class: -nan, Obj: -nan, No Obj: 0.613871, .5R: -nan, .75R: -nan,  count: 0
14: 7982.568359, 8582.195312 avg, 0.000000 rate, 74.615397 seconds, 14 images
Loaded: 0.000054 seconds
Region 82 Avg IOU: 0.111143, Class: 0.475338, Obj: 0.207862, No Obj: 0.472765, .5R: 0.000000, .75R: 0.000000,  count: 1
Region 94 Avg IOU: -nan, Class: -nan, Obj: -nan, No Obj: 0.494282, .5R: -nan, .75R: -nan,  count: 0
Region 106 Avg IOU: -nan, Class: -nan, Obj: -nan, No Obj: 0.613887, .5R: -nan, .75R: -nan,  count: 0
15: 7990.507324, 8523.026367 avg, 0.000000 rate, 74.625396 seconds, 15 images
Loaded: 0.000038 seconds
Region 82 Avg IOU: 0.033681, Class: 0.762159, Obj: 0.799549, No Obj: 0.473564, .5R: 0.000000, .75R: 0.000000,  count: 1
Region 94 Avg IOU: -nan, Class: -nan, Obj: -nan, No Obj: 0.494133, .5R: -nan, .75R: -nan,  count: 0
Region 106 Avg IOU: -nan, Class: -nan, Obj: -nan, No Obj: 0.603813, .5R: -nan, .75R: -nan,  count: 0
16: 7715.359863, 8442.259766 avg, 0.000000 rate, 72.563477 seconds, 16 images
Loaded: 0.000048 seconds
Region 82 Avg IOU: 0.232948, Class: 0.622089, Obj: 0.734777, No Obj: 0.473478, .5R: 0.000000, .75R: 0.000000,  count: 1
Region 94 Avg IOU: -nan, Class: -nan, Obj: -nan, No Obj: 0.495664, .5R: -nan, .75R: -nan,  count: 0
Region 106 Avg IOU: -nan, Class: -nan, Obj: -nan, No Obj: 0.598599, .5R: -nan, .75R: -nan,  count: 0
17: 7553.876465, 8353.421875 avg, 0.000000 rate, 72.589207 seconds, 17 images
Loaded: 0.000048 seconds
Region 82 Avg IOU: 0.505948, Class: 0.636809, Obj: 0.570484, No Obj: 0.468522, .5R: 1.000000, .75R: 0.000000,  count: 1
Region 94 Avg IOU: -nan, Class: -nan, Obj: -nan, No Obj: 0.495169, .5R: -nan, .75R: -nan,  count: 0
Region 106 Avg IOU: -nan, Class: -nan, Obj: -nan, No Obj: 0.607090, .5R: -nan, .75R: -nan,  count: 0
18: 7795.425781, 8297.622070 avg, 0.000000 rate, 72.636316 seconds, 18 images
Loaded: 0.000052 seconds
Region 82 Avg IOU: 0.075858, Class: 0.072693, Obj: 0.256976, No Obj: 0.467877, .5R: 0.000000, .75R: 0.000000,  count: 1
Region 94 Avg IOU: -nan, Class: -nan, Obj: -nan, No Obj: 0.494608, .5R: -nan, .75R: -nan,  count: 0
Region 106 Avg IOU: -nan, Class: -nan, Obj: -nan, No Obj: 0.590021, .5R: -nan, .75R: -nan,  count: 0
19: 7371.352051, 8204.995117 avg, 0.000000 rate, 72.514078 seconds, 19 images
Loaded: 0.000049 seconds
Region 82 Avg IOU: 0.214871, Class: 0.722663, Obj: 0.506872, No Obj: 0.472656, .5R: 0.000000, .75R: 0.000000,  count: 1
Region 94 Avg IOU: -nan, Class: -nan, Obj: -nan, No Obj: 0.493708, .5R: -nan, .75R: -nan,  count: 0
Region 106 Avg IOU: -nan, Class: -nan, Obj: -nan, No Obj: 0.604699, .5R: -nan, .75R: -nan,  count: 0
20: 7777.021973, 8162.197754 avg, 0.000000 rate, 72.553293 seconds, 20 images
Resizing
480
Loaded: 0.006724 seconds
Region 82 Avg IOU: 0.034274, Class: 0.206956, Obj: 0.666338, No Obj: 0.472871, .5R: 0.000000, .75R: 0.000000,  count: 1
Region 94 Avg IOU: 0.115012, Class: 0.218868, Obj: 0.510849, No Obj: 0.492070, .5R: 0.000000, .75R: 0.000000,  count: 2
Region 106 Avg IOU: -nan, Class: -nan, Obj: -nan, No Obj: 0.596996, .5R: -nan, .75R: -nan,  count: 0
21: 5950.330566, 7941.011230 avg, 0.000000 rate, 54.881182 seconds, 21 images
Loaded: 0.000049 seconds
Region 82 Avg IOU: 0.086309, Class: 0.380457, Obj: 0.556803, No Obj: 0.468413, .5R: 0.000000, .75R: 0.000000,  count: 1
Region 94 Avg IOU: -nan, Class: -nan, Obj: -nan, No Obj: 0.493216, .5R: -nan, .75R: -nan,  count: 0
Region 106 Avg IOU: -nan, Class: -nan, Obj: -nan, No Obj: 0.590498, .5R: -nan, .75R: -nan,  count: 0
22: 5770.513184, 7723.961426 avg, 0.000000 rate, 59.349244 seconds, 22 images
Loaded: 0.000044 seconds
Region 82 Avg IOU: 0.463118, Class: 0.313918, Obj: 0.645921, No Obj: 0.471810, .5R: 0.000000, .75R: 0.000000,  count: 1
Region 94 Avg IOU: -nan, Class: -nan, Obj: -nan, No Obj: 0.492675, .5R: -nan, .75R: -nan,  count: 0
Region 106 Avg IOU: -nan, Class: -nan, Obj: -nan, No Obj: 0.591893, .5R: -nan, .75R: -nan,  count: 0
23: 5853.568359, 7536.922363 avg, 0.000000 rate, 56.215109 seconds, 23 images
Loaded: 0.000041 seconds
Region 82 Avg IOU: 0.306857, Class: 0.189692, Obj: 0.748725, No Obj: 0.471591, .5R: 0.000000, .75R: 0.000000,  count: 1
Region 94 Avg IOU: -nan, Class: -nan, Obj: -nan, No Obj: 0.491844, .5R: -nan, .75R: -nan,  count: 0
Region 106 Avg IOU: -nan, Class: -nan, Obj: -nan, No Obj: 0.579685, .5R: -nan, .75R: -nan,  count: 0
24: 5639.151855, 7347.145508 avg, 0.000000 rate, 56.781206 seconds, 24 images
Loaded: 0.000047 seconds
Region 82 Avg IOU: 0.471646, Class: 0.176549, Obj: 0.216246, No Obj: 0.472051, .5R: 0.000000, .75R: 0.000000,  count: 1
Region 94 Avg IOU: -nan, Class: -nan, Obj: -nan, No Obj: 0.485823, .5R: -nan, .75R: -nan,  count: 0
Region 106 Avg IOU: -nan, Class: -nan, Obj: -nan, No Obj: 0.559672, .5R: -nan, .75R: -nan,  count: 0
25: 5244.995605, 7136.930664 avg, 0.000000 rate, 55.991301 seconds, 25 images
Loaded: 0.000045 seconds
Region 82 Avg IOU: 0.104129, Class: 0.139663, Obj: 0.304371, No Obj: 0.468663, .5R: 0.000000, .75R: 0.000000,  count: 1
Region 94 Avg IOU: -nan, Class: -nan, Obj: -nan, No Obj: 0.489171, .5R: -nan, .75R: -nan,  count: 0
Region 106 Avg IOU: -nan, Class: -nan, Obj: -nan, No Obj: 0.562923, .5R: -nan, .75R: -nan,  count: 0
26: 5363.079590, 6959.545410 avg, 0.000000 rate, 55.914477 seconds, 26 images
Loaded: 0.000055 seconds
Region 82 Avg IOU: 0.148037, Class: 0.278533, Obj: 0.837399, No Obj: 0.467407, .5R: 0.000000, .75R: 0.000000,  count: 1
Region 94 Avg IOU: -nan, Class: -nan, Obj: -nan, No Obj: 0.486516, .5R: -nan, .75R: -nan,  count: 0
Region 106 Avg IOU: -nan, Class: -nan, Obj: -nan, No Obj: 0.544567, .5R: -nan, .75R: -nan,  count: 0
27: 5031.581055, 6766.749023 avg, 0.000000 rate, 56.149516 seconds, 27 images
Loaded: 0.000043 seconds
Region 82 Avg IOU: 0.202075, Class: 0.073407, Obj: 0.192163, No Obj: 0.467631, .5R: 0.000000, .75R: 0.000000,  count: 1
Region 94 Avg IOU: -nan, Class: -nan, Obj: -nan, No Obj: 0.484922, .5R: -nan, .75R: -nan,  count: 0
Region 106 Avg IOU: -nan, Class: -nan, Obj: -nan, No Obj: 0.533217, .5R: -nan, .75R: -nan,  count: 0
28: 4854.358887, 6575.509766 avg, 0.000000 rate, 57.868187 seconds, 28 images
Loaded: 0.000039 seconds
Region 82 Avg IOU: 0.145483, Class: 0.693483, Obj: 0.308509, No Obj: 0.466917, .5R: 0.000000, .75R: 0.000000,  count: 1
Region 94 Avg IOU: -nan, Class: -nan, Obj: -nan, No Obj: 0.486628, .5R: -nan, .75R: -nan,  count: 0
Region 106 Avg IOU: -nan, Class: -nan, Obj: -nan, No Obj: 0.523621, .5R: -nan, .75R: -nan,  count: 0
29: 4735.407715, 6391.499512 avg, 0.000000 rate, 57.993343 seconds, 29 images
Loaded: 0.000044 seconds
Region 82 Avg IOU: 0.404416, Class: 0.296047, Obj: 0.242843, No Obj: 0.465682, .5R: 0.000000, .75R: 0.000000,  count: 1
Region 94 Avg IOU: -nan, Class: -nan, Obj: -nan, No Obj: 0.483807, .5R: -nan, .75R: -nan,  count: 0
Region 106 Avg IOU: -nan, Class: -nan, Obj: -nan, No Obj: 0.508786, .5R: -nan, .75R: -nan,  count: 0
30: 4554.849121, 6207.834473 avg, 0.000000 rate, 55.390317 seconds, 30 images
Resizing
480
Loaded: 0.030811 seconds
Region 82 Avg IOU: 0.192367, Class: 0.368552, Obj: 0.548036, No Obj: 0.464358, .5R: 0.000000, .75R: 0.000000,  count: 1
Region 94 Avg IOU: -nan, Class: -nan, Obj: -nan, No Obj: 0.481688, .5R: -nan, .75R: -nan,  count: 0
Region 106 Avg IOU: -nan, Class: -nan, Obj: -nan, No Obj: 0.490434, .5R: -nan, .75R: -nan,  count: 0
31: 4172.090820, 6004.260254 avg, 0.000000 rate, 57.243720 seconds, 31 images
Loaded: 0.000050 seconds
Region 82 Avg IOU: 0.237764, Class: 0.585805, Obj: 0.213908, No Obj: 0.466062, .5R: 0.000000, .75R: 0.000000,  count: 3
Region 94 Avg IOU: -nan, Class: -nan, Obj: -nan, No Obj: 0.478152, .5R: -nan, .75R: -nan,  count: 0
Region 106 Avg IOU: -nan, Class: -nan, Obj: -nan, No Obj: 0.465125, .5R: -nan, .75R: -nan,  count: 0
32: 3861.399414, 5789.974121 avg, 0.000000 rate, 59.082865 seconds, 32 images
Loaded: 0.000050 seconds
Region 82 Avg IOU: 0.012817, Class: 0.467556, Obj: 0.056982, No Obj: 0.465924, .5R: 0.000000, .75R: 0.000000,  count: 1
Region 94 Avg IOU: -nan, Class: -nan, Obj: -nan, No Obj: 0.475696, .5R: -nan, .75R: -nan,  count: 0
Region 106 Avg IOU: -nan, Class: -nan, Obj: -nan, No Obj: 0.451461, .5R: -nan, .75R: -nan,  count: 0
33: 3630.397705, 5574.016602 avg, 0.000000 rate, 62.791118 seconds, 33 images
Loaded: 0.000049 seconds
Region 82 Avg IOU: -nan, Class: -nan, Obj: -nan, No Obj: 0.462317, .5R: -nan, .75R: -nan,  count: 0
Region 94 Avg IOU: 0.019046, Class: 0.649969, Obj: 0.157700, No Obj: 0.473728, .5R: 0.000000, .75R: 0.000000,  count: 1
Region 106 Avg IOU: -nan, Class: -nan, Obj: -nan, No Obj: 0.419038, .5R: -nan, .75R: -nan,  count: 0
34: 3261.984619, 5342.813477 avg, 0.000000 rate, 56.886879 seconds, 34 images
Loaded: 0.000040 seconds
Region 82 Avg IOU: 0.099049, Class: 0.138578, Obj: 0.666760, No Obj: 0.459447, .5R: 0.000000, .75R: 0.000000,  count: 2
Region 94 Avg IOU: -nan, Class: -nan, Obj: -nan, No Obj: 0.470392, .5R: -nan, .75R: -nan,  count: 0
Region 106 Avg IOU: -nan, Class: -nan, Obj: -nan, No Obj: 0.391908, .5R: -nan, .75R: -nan,  count: 0
35: 2959.837891, 5104.516113 avg, 0.000000 rate, 56.982750 seconds, 35 images
Loaded: 0.000051 seconds
Region 82 Avg IOU: 0.031890, Class: 0.797650, Obj: 0.151866, No Obj: 0.460244, .5R: 0.000000, .75R: 0.000000,  count: 1
Region 94 Avg IOU: -nan, Class: -nan, Obj: -nan, No Obj: 0.466575, .5R: -nan, .75R: -nan,  count: 0
Region 106 Avg IOU: -nan, Class: -nan, Obj: -nan, No Obj: 0.369102, .5R: -nan, .75R: -nan,  count: 0
36: 2638.153564, 4857.879883 avg, 0.000000 rate, 57.139029 seconds, 36 images
Loaded: 0.000064 seconds
Region 82 Avg IOU: 0.412753, Class: 0.489953, Obj: 0.743551, No Obj: 0.456501, .5R: 0.000000, .75R: 0.000000,  count: 1
Region 94 Avg IOU: -nan, Class: -nan, Obj: -nan, No Obj: 0.462667, .5R: -nan, .75R: -nan,  count: 0
Region 106 Avg IOU: -nan, Class: -nan, Obj: -nan, No Obj: 0.335618, .5R: -nan, .75R: -nan,  count: 0
37: 2291.689209, 4601.260742 avg, 0.000000 rate, 60.920346 seconds, 37 images
Loaded: 0.000059 seconds
Region 82 Avg IOU: 0.141979, Class: 0.516398, Obj: 0.480280, No Obj: 0.460523, .5R: 0.000000, .75R: 0.000000,  count: 1
Region 94 Avg IOU: -nan, Class: -nan, Obj: -nan, No Obj: 0.458268, .5R: -nan, .75R: -nan,  count: 0
Region 106 Avg IOU: -nan, Class: -nan, Obj: -nan, No Obj: 0.306004, .5R: -nan, .75R: -nan,  count: 0
38: 1986.136841, 4339.748535 avg, 0.000000 rate, 57.541347 seconds, 38 images
Loaded: 0.000067 seconds
Region 82 Avg IOU: 0.084542, Class: 0.446904, Obj: 0.296503, No Obj: 0.456056, .5R: 0.000000, .75R: 0.000000,  count: 1
Region 94 Avg IOU: -na